<?xml version="1.0" encoding="UTF-8"?>
<!-- Generated by org.testng.reporters.JUnitReportReporter -->
<testsuite hostname="Istar" failures="0" tests="1" name="test.LoginTest" time="3.588" errors="0" timestamp="2023-10-25T19:57:17 CDT" skipped="0">
  <testcase classname="test.LoginTest" name="validUserShouldBeAbleToLogin" time="3.588"/>
  <system-out/>
</testsuite> <!-- test.LoginTest -->
