<?xml version="1.0" encoding="UTF-8"?>
<!-- Generated by org.testng.reporters.JUnitReportReporter -->
<testsuite hostname="Istar" failures="0" tests="1" name="test.AddCustomerTest" time="4.609" errors="0" timestamp="2023-10-25T21:53:02 CDT" skipped="0">
  <testcase classname="test.AddCustomerTest" name="userShouldBeAbleToAddCustomer" time="4.609"/>
  <system-out/>
</testsuite> <!-- test.AddCustomerTest -->
